<?xml version="1.0" encoding="UTF-8"?>
<robot generator="Robot 4.1.3 (Python 3.10.2 on win32)" generated="20220307 16:23:01.538" rpa="false" schemaversion="2">
<suite id="s1" name="Create ReplyPost" source="D:\apna\Demo_APNA_SSH\Android\TestSuites\Create_ReplyPost.robot">
<kw name="OpenApnaApp" library="commons" type="SETUP">
<kw name="Open Application" library="Zoomba.MobileLibrary">
<arg>http://localhost:4723/wd/hub</arg>
<arg>platformName=${platformName}</arg>
<arg>deviceName=${deviceName}</arg>
<arg>appPackage=${appPackage}</arg>
<arg>appActivity=${appActivity}</arg>
<doc>Opens a new application to given Appium server.
Capabilities of appium server, Android and iOS,
Please check https://github.com/appium/appium/blob/master/docs/en/writing-running-appium/server-args.md
| *Option*            | *Man.* | *Description*     |
| remote_url          | Yes    | Appium server url |
| alias               | no     | alias             |</doc>
<status status="PASS" starttime="20220307 16:23:01.879" endtime="20220307 16:23:17.885"/>
</kw>
<status status="PASS" starttime="20220307 16:23:01.878" endtime="20220307 16:23:17.885"/>
</kw>
<test id="s1-t1" name="enterNumber">
<kw name="enter_numberLogin" library="Createpost">
<kw name="Enter_Mobile_no" library="commons">
<kw name="Wait for and click on Element" library="commons">
<arg>${editText}</arg>
<kw name="Wait Until Page Contains Element" library="Zoomba.MobileLibrary">
<arg>${element}</arg>
<arg>timeout=60s</arg>
<doc>Waits until element specified with `locator` appears on current page.</doc>
<status status="PASS" starttime="20220307 16:23:17.890" endtime="20220307 16:23:21.937"/>
</kw>
<kw name="Click Element" library="Zoomba.MobileLibrary">
<arg>${element}</arg>
<doc>Click element identified by `locator`.</doc>
<msg timestamp="20220307 16:23:21.940" level="INFO">Clicking element 'id=et_login_number'.</msg>
<status status="PASS" starttime="20220307 16:23:21.937" endtime="20220307 16:23:23.182"/>
</kw>
<status status="PASS" starttime="20220307 16:23:17.889" endtime="20220307 16:23:23.182"/>
</kw>
<kw name="Input Test Data" library="commons">
<arg>${editText}</arg>
<arg>${Login_No}</arg>
<kw name="Input Text" library="Zoomba.MobileLibrary">
<arg>${element}</arg>
<arg>${value}</arg>
<doc>Types the given `text` into text field identified by `locator`.</doc>
<msg timestamp="20220307 16:23:23.188" level="INFO">Typing text '9870138803' into text field 'id=et_login_number'</msg>
<status status="PASS" starttime="20220307 16:23:23.184" endtime="20220307 16:23:23.918"/>
</kw>
<status status="PASS" starttime="20220307 16:23:23.183" endtime="20220307 16:23:23.918"/>
</kw>
<kw name="Wait for and click on Element" library="commons">
<arg>${submit_btn}</arg>
<kw name="Wait Until Page Contains Element" library="Zoomba.MobileLibrary">
<arg>${element}</arg>
<arg>timeout=60s</arg>
<doc>Waits until element specified with `locator` appears on current page.</doc>
<status status="PASS" starttime="20220307 16:23:23.919" endtime="20220307 16:23:24.028"/>
</kw>
<kw name="Click Element" library="Zoomba.MobileLibrary">
<arg>${element}</arg>
<doc>Click element identified by `locator`.</doc>
<msg timestamp="20220307 16:23:24.032" level="INFO">Clicking element 'id=btn_send'.</msg>
<status status="PASS" starttime="20220307 16:23:24.028" endtime="20220307 16:23:24.679"/>
</kw>
<status status="PASS" starttime="20220307 16:23:23.918" endtime="20220307 16:23:24.680"/>
</kw>
<kw name="Wait for and click on Element" library="commons">
<arg>${otpBtn1}</arg>
<kw name="Wait Until Page Contains Element" library="Zoomba.MobileLibrary">
<arg>${element}</arg>
<arg>timeout=60s</arg>
<doc>Waits until element specified with `locator` appears on current page.</doc>
<status status="PASS" starttime="20220307 16:23:24.681" endtime="20220307 16:23:27.090"/>
</kw>
<kw name="Click Element" library="Zoomba.MobileLibrary">
<arg>${element}</arg>
<doc>Click element identified by `locator`.</doc>
<msg timestamp="20220307 16:23:27.094" level="INFO">Clicking element 'id=et_otp1'.</msg>
<status status="PASS" starttime="20220307 16:23:27.090" endtime="20220307 16:23:28.130"/>
</kw>
<status status="PASS" starttime="20220307 16:23:24.680" endtime="20220307 16:23:28.130"/>
</kw>
<kw name="Input Test Data" library="commons">
<arg>${otpBtn1}</arg>
<arg>${otp_Value1}</arg>
<kw name="Input Text" library="Zoomba.MobileLibrary">
<arg>${element}</arg>
<arg>${value}</arg>
<doc>Types the given `text` into text field identified by `locator`.</doc>
<msg timestamp="20220307 16:23:28.134" level="INFO">Typing text '1' into text field 'id=et_otp1'</msg>
<status status="PASS" starttime="20220307 16:23:28.131" endtime="20220307 16:23:29.083"/>
</kw>
<status status="PASS" starttime="20220307 16:23:28.130" endtime="20220307 16:23:29.084"/>
</kw>
<kw name="Input Test Data" library="commons">
<arg>${otpBtn2}</arg>
<arg>${otp_Value2}</arg>
<kw name="Input Text" library="Zoomba.MobileLibrary">
<arg>${element}</arg>
<arg>${value}</arg>
<doc>Types the given `text` into text field identified by `locator`.</doc>
<msg timestamp="20220307 16:23:29.088" level="INFO">Typing text '0' into text field 'id=et_otp2'</msg>
<status status="PASS" starttime="20220307 16:23:29.084" endtime="20220307 16:23:30.134"/>
</kw>
<status status="PASS" starttime="20220307 16:23:29.084" endtime="20220307 16:23:30.134"/>
</kw>
<kw name="Input Test Data" library="commons">
<arg>${otpBtn3}</arg>
<arg>${otp_Value3}</arg>
<kw name="Input Text" library="Zoomba.MobileLibrary">
<arg>${element}</arg>
<arg>${value}</arg>
<doc>Types the given `text` into text field identified by `locator`.</doc>
<msg timestamp="20220307 16:23:30.138" level="INFO">Typing text '0' into text field 'id=et_otp3'</msg>
<status status="PASS" starttime="20220307 16:23:30.134" endtime="20220307 16:23:31.089"/>
</kw>
<status status="PASS" starttime="20220307 16:23:30.134" endtime="20220307 16:23:31.089"/>
</kw>
<kw name="Input Test Data" library="commons">
<arg>${otpBtn4}</arg>
<arg>${otp_Value4}</arg>
<kw name="Input Text" library="Zoomba.MobileLibrary">
<arg>${element}</arg>
<arg>${value}</arg>
<doc>Types the given `text` into text field identified by `locator`.</doc>
<msg timestamp="20220307 16:23:31.093" level="INFO">Typing text '1' into text field 'id=et_otp4'</msg>
<status status="PASS" starttime="20220307 16:23:31.090" endtime="20220307 16:23:32.056"/>
</kw>
<status status="PASS" starttime="20220307 16:23:31.089" endtime="20220307 16:23:32.056"/>
</kw>
<status status="PASS" starttime="20220307 16:23:17.889" endtime="20220307 16:23:32.057"/>
</kw>
<status status="PASS" starttime="20220307 16:23:17.888" endtime="20220307 16:23:32.057"/>
</kw>
<status status="PASS" starttime="20220307 16:23:17.886" endtime="20220307 16:23:32.057"/>
</test>
<test id="s1-t2" name="Create_Post">
<kw name="Create_Post_inGroups" library="Createpost">
<kw name="Wait for and click on Element" library="commons">
<arg>${groups_Btn}</arg>
<kw name="Wait Until Page Contains Element" library="Zoomba.MobileLibrary">
<arg>${element}</arg>
<arg>timeout=60s</arg>
<doc>Waits until element specified with `locator` appears on current page.</doc>
<status status="PASS" starttime="20220307 16:23:32.060" endtime="20220307 16:23:38.028"/>
</kw>
<kw name="Click Element" library="Zoomba.MobileLibrary">
<arg>${element}</arg>
<doc>Click element identified by `locator`.</doc>
<msg timestamp="20220307 16:23:38.032" level="INFO">Clicking element 'id=action_in_app_groups'.</msg>
<status status="PASS" starttime="20220307 16:23:38.028" endtime="20220307 16:23:39.979"/>
</kw>
<status status="PASS" starttime="20220307 16:23:32.059" endtime="20220307 16:23:39.979"/>
</kw>
<kw name="Wait for and click on Element" library="commons">
<arg>${click_AheadBtn}</arg>
<kw name="Wait Until Page Contains Element" library="Zoomba.MobileLibrary">
<arg>${element}</arg>
<arg>timeout=60s</arg>
<doc>Waits until element specified with `locator` appears on current page.</doc>
<status status="PASS" starttime="20220307 16:23:39.980" endtime="20220307 16:23:42.746"/>
</kw>
<kw name="Click Element" library="Zoomba.MobileLibrary">
<arg>${element}</arg>
<doc>Click element identified by `locator`.</doc>
<msg timestamp="20220307 16:23:42.749" level="INFO">Clicking element 'id=ic_move_next'.</msg>
<status status="PASS" starttime="20220307 16:23:42.746" endtime="20220307 16:23:42.862"/>
</kw>
<status status="PASS" starttime="20220307 16:23:39.979" endtime="20220307 16:23:42.863"/>
</kw>
<kw name="Wait for and click on Element" library="commons">
<arg>${click_AheadBtn}</arg>
<kw name="Wait Until Page Contains Element" library="Zoomba.MobileLibrary">
<arg>${element}</arg>
<arg>timeout=60s</arg>
<doc>Waits until element specified with `locator` appears on current page.</doc>
<status status="PASS" starttime="20220307 16:23:42.863" endtime="20220307 16:23:43.117"/>
</kw>
<kw name="Click Element" library="Zoomba.MobileLibrary">
<arg>${element}</arg>
<doc>Click element identified by `locator`.</doc>
<msg timestamp="20220307 16:23:43.122" level="INFO">Clicking element 'id=ic_move_next'.</msg>
<status status="PASS" starttime="20220307 16:23:43.118" endtime="20220307 16:23:43.733"/>
</kw>
<status status="PASS" starttime="20220307 16:23:42.863" endtime="20220307 16:23:43.733"/>
</kw>
<kw name="Wait for and click on Element" library="commons">
<arg>${done_Btn}</arg>
<kw name="Wait Until Page Contains Element" library="Zoomba.MobileLibrary">
<arg>${element}</arg>
<arg>timeout=60s</arg>
<doc>Waits until element specified with `locator` appears on current page.</doc>
<status status="PASS" starttime="20220307 16:23:43.734" endtime="20220307 16:23:43.781"/>
</kw>
<kw name="Click Element" library="Zoomba.MobileLibrary">
<arg>${element}</arg>
<doc>Click element identified by `locator`.</doc>
<msg timestamp="20220307 16:23:43.784" level="INFO">Clicking element 'id=tv_done'.</msg>
<status status="PASS" starttime="20220307 16:23:43.781" endtime="20220307 16:23:44.662"/>
</kw>
<status status="PASS" starttime="20220307 16:23:43.734" endtime="20220307 16:23:44.662"/>
</kw>
<kw name="Wait for Element" library="commons">
<arg>${wait_Btn}</arg>
<kw name="Wait Until Page Contains Element" library="Zoomba.MobileLibrary">
<arg>${element}</arg>
<arg>timeout=60s</arg>
<doc>Waits until element specified with `locator` appears on current page.</doc>
<status status="PASS" starttime="20220307 16:23:44.663" endtime="20220307 16:23:46.087"/>
</kw>
<status status="PASS" starttime="20220307 16:23:44.662" endtime="20220307 16:23:46.087"/>
</kw>
<kw name="Click Test_data" library="commons">
<arg>${group_name}</arg>
<kw name="Click Text" library="Zoomba.MobileLibrary">
<arg>${element}</arg>
<doc>Click text identified by ``text``.</doc>
<status status="PASS" starttime="20220307 16:23:46.088" endtime="20220307 16:23:46.731"/>
</kw>
<status status="PASS" starttime="20220307 16:23:46.087" endtime="20220307 16:23:46.731"/>
</kw>
<status status="PASS" starttime="20220307 16:23:32.059" endtime="20220307 16:23:46.731"/>
</kw>
<status status="PASS" starttime="20220307 16:23:32.058" endtime="20220307 16:23:46.732"/>
</test>
<test id="s1-t3" name="Suggestion_message">
<kw name="Hint_Suggestion1" library="Createpost">
<kw name="Wait for and click on Element" library="commons">
<arg>${creat_a_Post}</arg>
<kw name="Wait Until Page Contains Element" library="Zoomba.MobileLibrary">
<arg>${element}</arg>
<arg>timeout=60s</arg>
<doc>Waits until element specified with `locator` appears on current page.</doc>
<status status="PASS" starttime="20220307 16:23:46.735" endtime="20220307 16:23:49.165"/>
</kw>
<kw name="Click Element" library="Zoomba.MobileLibrary">
<arg>${element}</arg>
<doc>Click element identified by `locator`.</doc>
<msg timestamp="20220307 16:23:49.170" level="INFO">Clicking element 'id=tv_sent_msg'.</msg>
<status status="PASS" starttime="20220307 16:23:49.166" endtime="20220307 16:23:51.329"/>
</kw>
<status status="PASS" starttime="20220307 16:23:46.734" endtime="20220307 16:23:51.329"/>
</kw>
<kw name="Wait for Element" library="commons">
<arg>${agree_btn1}</arg>
<kw name="Wait Until Page Contains Element" library="Zoomba.MobileLibrary">
<arg>${element}</arg>
<arg>timeout=60s</arg>
<doc>Waits until element specified with `locator` appears on current page.</doc>
<status status="PASS" starttime="20220307 16:23:51.330" endtime="20220307 16:23:51.428"/>
</kw>
<status status="PASS" starttime="20220307 16:23:51.329" endtime="20220307 16:23:51.428"/>
</kw>
<kw name="Click Test_data" library="commons">
<arg>${agree_txt}</arg>
<kw name="Click Text" library="Zoomba.MobileLibrary">
<arg>${element}</arg>
<doc>Click text identified by ``text``.</doc>
<status status="PASS" starttime="20220307 16:23:51.429" endtime="20220307 16:23:51.612"/>
</kw>
<status status="PASS" starttime="20220307 16:23:51.429" endtime="20220307 16:23:51.612"/>
</kw>
<kw name="Wait for and click on Element" library="commons">
<arg>${hint_msg}</arg>
<kw name="Wait Until Page Contains Element" library="Zoomba.MobileLibrary">
<arg>${element}</arg>
<arg>timeout=60s</arg>
<doc>Waits until element specified with `locator` appears on current page.</doc>
<status status="PASS" starttime="20220307 16:23:51.612" endtime="20220307 16:23:51.903"/>
</kw>
<kw name="Click Element" library="Zoomba.MobileLibrary">
<arg>${element}</arg>
<doc>Click element identified by `locator`.</doc>
<msg timestamp="20220307 16:23:51.909" level="INFO">Clicking element 'id=iv_post_hint'.</msg>
<status status="PASS" starttime="20220307 16:23:51.904" endtime="20220307 16:23:52.759"/>
</kw>
<status status="PASS" starttime="20220307 16:23:51.612" endtime="20220307 16:23:52.759"/>
</kw>
<kw name="Wait for Element" library="commons">
<arg>${get_msg}</arg>
<kw name="Wait Until Page Contains Element" library="Zoomba.MobileLibrary">
<arg>${element}</arg>
<arg>timeout=60s</arg>
<doc>Waits until element specified with `locator` appears on current page.</doc>
<status status="PASS" starttime="20220307 16:23:52.760" endtime="20220307 16:23:54.169"/>
</kw>
<status status="PASS" starttime="20220307 16:23:52.759" endtime="20220307 16:23:54.169"/>
</kw>
<kw name="Get Text" library="Zoomba.MobileLibrary">
<var>${Text}</var>
<arg>${get_msg}</arg>
<doc>Get element text (for hybrid and mobile browser use `xpath` locator, others might cause problem)</doc>
<msg timestamp="20220307 16:23:54.215" level="INFO">Element 'id=tv_message_hint' text is 'Hi, what is the reporting system in your company ? I have to everyday in theevening before logging out do _ _ _ _.' </msg>
<msg timestamp="20220307 16:23:54.215" level="INFO">${Text} = Hi, what is the reporting system in your company ? I have to everyday in theevening before logging out do _ _ _ _.</msg>
<status status="PASS" starttime="20220307 16:23:54.170" endtime="20220307 16:23:54.215"/>
</kw>
<kw name="Log To Console" library="BuiltIn">
<arg>${Text}</arg>
<doc>Logs the given message to the console.</doc>
<status status="PASS" starttime="20220307 16:23:54.215" endtime="20220307 16:23:54.216"/>
</kw>
<kw name="Wait for and click on Element" library="commons">
<arg>${use_msg}</arg>
<kw name="Wait Until Page Contains Element" library="Zoomba.MobileLibrary">
<arg>${element}</arg>
<arg>timeout=60s</arg>
<doc>Waits until element specified with `locator` appears on current page.</doc>
<status status="PASS" starttime="20220307 16:23:54.217" endtime="20220307 16:23:54.248"/>
</kw>
<kw name="Click Element" library="Zoomba.MobileLibrary">
<arg>${element}</arg>
<doc>Click element identified by `locator`.</doc>
<msg timestamp="20220307 16:23:54.251" level="INFO">Clicking element 'id=tv_use_this_message'.</msg>
<status status="PASS" starttime="20220307 16:23:54.248" endtime="20220307 16:23:54.344"/>
</kw>
<status status="PASS" starttime="20220307 16:23:54.216" endtime="20220307 16:23:54.344"/>
</kw>
<kw name="Wait for and click on Element" library="commons">
<arg>${sent_postBtn}</arg>
<kw name="Wait Until Page Contains Element" library="Zoomba.MobileLibrary">
<arg>${element}</arg>
<arg>timeout=60s</arg>
<doc>Waits until element specified with `locator` appears on current page.</doc>
<status status="PASS" starttime="20220307 16:23:54.345" endtime="20220307 16:23:54.725"/>
</kw>
<kw name="Click Element" library="Zoomba.MobileLibrary">
<arg>${element}</arg>
<doc>Click element identified by `locator`.</doc>
<msg timestamp="20220307 16:23:54.730" level="INFO">Clicking element 'id=sent_post'.</msg>
<status status="PASS" starttime="20220307 16:23:54.726" endtime="20220307 16:23:55.464"/>
</kw>
<status status="PASS" starttime="20220307 16:23:54.345" endtime="20220307 16:23:55.464"/>
</kw>
<kw name="Wait for and click on Element" library="commons">
<arg>${ok1_btn}</arg>
<kw name="Wait Until Page Contains Element" library="Zoomba.MobileLibrary">
<arg>${element}</arg>
<arg>timeout=60s</arg>
<doc>Waits until element specified with `locator` appears on current page.</doc>
<status status="PASS" starttime="20220307 16:23:55.465" endtime="20220307 16:23:56.561"/>
</kw>
<kw name="Click Element" library="Zoomba.MobileLibrary">
<arg>${element}</arg>
<doc>Click element identified by `locator`.</doc>
<msg timestamp="20220307 16:23:56.564" level="INFO">Clicking element 'id=tv_ok'.</msg>
<status status="PASS" starttime="20220307 16:23:56.561" endtime="20220307 16:23:57.640"/>
</kw>
<status status="PASS" starttime="20220307 16:23:55.464" endtime="20220307 16:23:57.640"/>
</kw>
<kw name="Press Keycode" library="Zoomba.MobileLibrary">
<arg>22</arg>
<doc>Sends a press of keycode to the device.</doc>
<status status="PASS" starttime="20220307 16:23:57.640" endtime="20220307 16:23:57.710"/>
</kw>
<kw name="Press Keycode" library="Zoomba.MobileLibrary">
<arg>8</arg>
<doc>Sends a press of keycode to the device.</doc>
<status status="PASS" starttime="20220307 16:23:57.710" endtime="20220307 16:23:58.547"/>
</kw>
<kw name="Wait for and click on Element" library="commons">
<arg>${sent_postBtn}</arg>
<kw name="Wait Until Page Contains Element" library="Zoomba.MobileLibrary">
<arg>${element}</arg>
<arg>timeout=60s</arg>
<doc>Waits until element specified with `locator` appears on current page.</doc>
<status status="PASS" starttime="20220307 16:23:58.548" endtime="20220307 16:23:59.263"/>
</kw>
<kw name="Click Element" library="Zoomba.MobileLibrary">
<arg>${element}</arg>
<doc>Click element identified by `locator`.</doc>
<msg timestamp="20220307 16:23:59.266" level="INFO">Clicking element 'id=sent_post'.</msg>
<status status="PASS" starttime="20220307 16:23:59.263" endtime="20220307 16:23:59.343"/>
</kw>
<status status="PASS" starttime="20220307 16:23:58.547" endtime="20220307 16:23:59.343"/>
</kw>
<kw name="Sleep" library="BuiltIn">
<arg>30s</arg>
<doc>Pauses the test executed for the given time.</doc>
<msg timestamp="20220307 16:24:29.346" level="INFO">Slept 30 seconds</msg>
<status status="PASS" starttime="20220307 16:23:59.343" endtime="20220307 16:24:29.346"/>
</kw>
<status status="PASS" starttime="20220307 16:23:46.734" endtime="20220307 16:24:29.347"/>
</kw>
<status status="PASS" starttime="20220307 16:23:46.733" endtime="20220307 16:24:29.348"/>
</test>
<kw name="Close Apna Application" library="commons" type="TEARDOWN">
<kw name="Close Application" library="Zoomba.MobileLibrary">
<doc>Closes the current application and also close webdriver session.</doc>
<status status="PASS" starttime="20220307 16:24:29.380" endtime="20220307 16:24:30.742"/>
</kw>
<status status="PASS" starttime="20220307 16:24:29.379" endtime="20220307 16:24:30.742"/>
</kw>
<status status="PASS" starttime="20220307 16:23:01.540" endtime="20220307 16:24:30.742"/>
</suite>
<statistics>
<total>
<stat pass="3" fail="0" skip="0">All Tests</stat>
</total>
<tag>
</tag>
<suite>
<stat pass="3" fail="0" skip="0" id="s1" name="Create ReplyPost">Create ReplyPost</stat>
</suite>
</statistics>
<errors>
</errors>
</robot>
