<?xml version="1.0" encoding="UTF-8"?>
<robot generator="Robot 4.1.3 (Python 3.10.2 on win32)" generated="20220311 12:22:20.591" rpa="false" schemaversion="2">
<suite id="s1" name="User Registration" source="D:\apna\Demo_APNA_SSH\Android\TestSuites\User_Registration.robot">
<kw name="OpenApnaApp" library="commons" type="SETUP">
<kw name="Open Application" library="Zoomba.MobileLibrary">
<arg>http://localhost:4723/wd/hub</arg>
<arg>platformName=${platformName}</arg>
<arg>deviceName=${deviceName}</arg>
<arg>appPackage=${appPackage}</arg>
<arg>appActivity=${appActivity}</arg>
<doc>Opens a new application to given Appium server.
Capabilities of appium server, Android and iOS,
Please check https://github.com/appium/appium/blob/master/docs/en/writing-running-appium/server-args.md
| *Option*            | *Man.* | *Description*     |
| remote_url          | Yes    | Appium server url |
| alias               | no     | alias             |</doc>
<status status="PASS" starttime="20220311 12:22:21.165" endtime="20220311 12:22:40.585"/>
</kw>
<status status="PASS" starttime="20220311 12:22:21.165" endtime="20220311 12:22:40.585"/>
</kw>
<test id="s1-t1" name="New_User_Authorization">
<kw name="mobile_Number_flow" library="User_Reg">
<kw name="New__Mobile_no" library="userReg_pageSteps">
<kw name="Random_no" library="commons">
<kw name="Generate Random String" library="String">
<var>${user_no}</var>
<arg>10</arg>
<arg>[NUMBERS]</arg>
<doc>Generates a string with a desired ``length`` from the given ``chars``.</doc>
<msg timestamp="20220311 12:22:40.590" level="INFO">${user_no} = 8828264931</msg>
<status status="PASS" starttime="20220311 12:22:40.589" endtime="20220311 12:22:40.590"/>
</kw>
<kw name="Set Variable" library="BuiltIn">
<var>${Header}</var>
<arg>${user_no}</arg>
<doc>Returns the given values which can then be assigned to a variables.</doc>
<msg timestamp="20220311 12:22:40.590" level="INFO">${Header} = 8828264931</msg>
<status status="PASS" starttime="20220311 12:22:40.590" endtime="20220311 12:22:40.590"/>
</kw>
<kw name="Run Keyword And Return" library="BuiltIn">
<arg>${Header}</arg>
<doc>Runs the specified keyword and returns from the enclosing user keyword.</doc>
<kw name="8828264931">
<msg timestamp="20220311 12:22:40.601" level="FAIL">No keyword with name '8828264931' found.</msg>
<status status="FAIL" starttime="20220311 12:22:40.601" endtime="20220311 12:22:40.601"/>
</kw>
<msg timestamp="20220311 12:22:40.601" level="INFO">Returning from the enclosing user keyword.</msg>
<status status="FAIL" starttime="20220311 12:22:40.591" endtime="20220311 12:22:40.604"/>
</kw>
<status status="FAIL" starttime="20220311 12:22:40.589" endtime="20220311 12:22:40.605"/>
</kw>
<kw name="Enter_Mobile_no" library="commons">
<status status="NOT RUN" starttime="20220311 12:22:40.606" endtime="20220311 12:22:40.606"/>
</kw>
<status status="FAIL" starttime="20220311 12:22:40.588" endtime="20220311 12:22:40.607"/>
</kw>
<status status="FAIL" starttime="20220311 12:22:40.587" endtime="20220311 12:22:40.607"/>
</kw>
<status status="FAIL" starttime="20220311 12:22:40.585" endtime="20220311 12:22:40.617">No keyword with name '8828264931' found.</status>
</test>
<kw name="Close Apna Application" library="commons" type="TEARDOWN">
<kw name="Close Application" library="Zoomba.MobileLibrary">
<doc>Closes the current application and also close webdriver session.</doc>
<status status="PASS" starttime="20220311 12:22:40.650" endtime="20220311 12:22:42.507"/>
</kw>
<status status="PASS" starttime="20220311 12:22:40.650" endtime="20220311 12:22:42.508"/>
</kw>
<status status="FAIL" starttime="20220311 12:22:20.596" endtime="20220311 12:22:42.508"/>
</suite>
<statistics>
<total>
<stat pass="0" fail="1" skip="0">All Tests</stat>
</total>
<tag>
</tag>
<suite>
<stat pass="0" fail="1" skip="0" id="s1" name="User Registration">User Registration</stat>
</suite>
</statistics>
<errors>
</errors>
</robot>
