<?xml version="1.0" encoding="UTF-8"?>
<robot generator="Robot 4.1.3 (Python 3.10.2 on win32)" generated="20220303 12:25:36.543" rpa="false" schemaversion="2">
<suite id="s1" name="Create ReplyPost" source="D:\apna\Demo_APNA_SSH\Android\TestSuites\Create_ReplyPost.robot">
<kw name="OpenApnaApp" library="commons" type="SETUP">
<kw name="Open Application" library="Zoomba.MobileLibrary">
<arg>http://localhost:4723/wd/hub</arg>
<arg>platformName=${platformName}</arg>
<arg>deviceName=${deviceName}</arg>
<arg>appPackage=${appPackage}</arg>
<arg>appActivity=${appActivity}</arg>
<doc>Opens a new application to given Appium server.
Capabilities of appium server, Android and iOS,
Please check https://github.com/appium/appium/blob/master/docs/en/writing-running-appium/server-args.md
| *Option*            | *Man.* | *Description*     |
| remote_url          | Yes    | Appium server url |
| alias               | no     | alias             |</doc>
<kw name="Save Appium Screenshot" library="Zoomba.MobileLibrary">
<doc>Takes a screenshot with a unique filename to be stored in Robot Framework compiled
reports.</doc>
<msg timestamp="20220303 12:26:10.399" level="FAIL">No application is open</msg>
<status status="FAIL" starttime="20220303 12:26:10.392" endtime="20220303 12:26:10.399"/>
</kw>
<msg timestamp="20220303 12:26:10.402" level="WARN">Keyword 'Save Appium Screenshot' could not be run on failure: No application is open</msg>
<msg timestamp="20220303 12:26:10.406" level="FAIL">WebDriverException: Message: An unknown server-side error occurred while processing the command. Original error: The instrumentation process cannot be initialized. Make sure the application under test does not crash and investigate the logcat output.
</msg>
<status status="FAIL" starttime="20220303 12:25:36.930" endtime="20220303 12:26:10.406"/>
</kw>
<status status="FAIL" starttime="20220303 12:25:36.930" endtime="20220303 12:26:10.406"/>
</kw>
<test id="s1-t1" name="enterNumber">
<status status="FAIL" starttime="20220303 12:26:10.407" endtime="20220303 12:26:10.407">Parent suite setup failed:
WebDriverException: Message: An unknown server-side error occurred while processing the command. Original error: The instrumentation process cannot be initialized. Make sure the application under test does not crash and investigate the logcat output.
</status>
</test>
<test id="s1-t2" name="Create_Post">
<status status="FAIL" starttime="20220303 12:26:10.418" endtime="20220303 12:26:10.419">Parent suite setup failed:
WebDriverException: Message: An unknown server-side error occurred while processing the command. Original error: The instrumentation process cannot be initialized. Make sure the application under test does not crash and investigate the logcat output.
</status>
</test>
<test id="s1-t3" name="Repy_to_post">
<status status="FAIL" starttime="20220303 12:26:10.421" endtime="20220303 12:26:10.422">Parent suite setup failed:
WebDriverException: Message: An unknown server-side error occurred while processing the command. Original error: The instrumentation process cannot be initialized. Make sure the application under test does not crash and investigate the logcat output.
</status>
</test>
<test id="s1-t4" name="Suggestion_message">
<status status="FAIL" starttime="20220303 12:26:10.423" endtime="20220303 12:26:10.424">Parent suite setup failed:
WebDriverException: Message: An unknown server-side error occurred while processing the command. Original error: The instrumentation process cannot be initialized. Make sure the application under test does not crash and investigate the logcat output.
</status>
</test>
<kw name="Close Apna Application" library="commons" type="TEARDOWN">
<kw name="Close Application" library="Zoomba.MobileLibrary">
<doc>Closes the current application and also close webdriver session.</doc>
<kw name="Save Appium Screenshot" library="Zoomba.MobileLibrary">
<doc>Takes a screenshot with a unique filename to be stored in Robot Framework compiled
reports.</doc>
<msg timestamp="20220303 12:26:10.433" level="FAIL">No application is open</msg>
<status status="FAIL" starttime="20220303 12:26:10.429" endtime="20220303 12:26:10.433"/>
</kw>
<msg timestamp="20220303 12:26:10.438" level="WARN">Keyword 'Save Appium Screenshot' could not be run on failure: No application is open</msg>
<msg timestamp="20220303 12:26:10.439" level="FAIL">No application is open</msg>
<status status="FAIL" starttime="20220303 12:26:10.428" endtime="20220303 12:26:10.440"/>
</kw>
<status status="FAIL" starttime="20220303 12:26:10.427" endtime="20220303 12:26:10.440">No application is open</status>
</kw>
<status status="FAIL" starttime="20220303 12:25:36.545" endtime="20220303 12:26:10.440">Suite setup failed:
WebDriverException: Message: An unknown server-side error occurred while processing the command. Original error: The instrumentation process cannot be initialized. Make sure the application under test does not crash and investigate the logcat output.


Also suite teardown failed:
No application is open</status>
</suite>
<statistics>
<total>
<stat pass="0" fail="4" skip="0">All Tests</stat>
</total>
<tag>
</tag>
<suite>
<stat pass="0" fail="4" skip="0" id="s1" name="Create ReplyPost">Create ReplyPost</stat>
</suite>
</statistics>
<errors>
<msg timestamp="20220303 12:26:10.402" level="WARN">Keyword 'Save Appium Screenshot' could not be run on failure: No application is open</msg>
<msg timestamp="20220303 12:26:10.438" level="WARN">Keyword 'Save Appium Screenshot' could not be run on failure: No application is open</msg>
</errors>
</robot>
